c:\ckgithubprojects\chilkat-rtc-for-windows-store-and-phone-vs2013\cssample\x64\release\chilkat.windows\chilkat.winmd
c:\ckgithubprojects\chilkat-rtc-for-windows-store-and-phone-vs2013\cssample\x64\release\chilkat.windows\chilkat.windows.lib
c:\ckgithubprojects\chilkat-rtc-for-windows-store-and-phone-vs2013\cssample\x64\release\chilkat.windows\chilkat.windows.exp
c:\ckgithubprojects\chilkat-rtc-for-windows-store-and-phone-vs2013\chilkat\chilkat\chilkat.windows\x64\release\priconfig.xml
c:\ckgithubprojects\chilkat-rtc-for-windows-store-and-phone-vs2013\chilkat\chilkat\chilkat.windows\x64\release\priconfig.xml.intermediate
c:\ckgithubprojects\chilkat-rtc-for-windows-store-and-phone-vs2013\chilkat\chilkat\chilkat.windows\x64\release\layout.resfiles
c:\ckgithubprojects\chilkat-rtc-for-windows-store-and-phone-vs2013\chilkat\chilkat\chilkat.windows\x64\release\layout.resfiles.intermediate
c:\ckgithubprojects\chilkat-rtc-for-windows-store-and-phone-vs2013\chilkat\chilkat\chilkat.windows\x64\release\resources.resfiles
c:\ckgithubprojects\chilkat-rtc-for-windows-store-and-phone-vs2013\chilkat\chilkat\chilkat.windows\x64\release\resources.resfiles.intermediate
c:\ckgithubprojects\chilkat-rtc-for-windows-store-and-phone-vs2013\chilkat\chilkat\chilkat.windows\x64\release\pri.resfiles
c:\ckgithubprojects\chilkat-rtc-for-windows-store-and-phone-vs2013\chilkat\chilkat\chilkat.windows\x64\release\pri.resfiles.intermediate
c:\ckgithubprojects\chilkat-rtc-for-windows-store-and-phone-vs2013\cssample\x64\release\chilkat.windows\chilkat.pri
c:\ckgithubprojects\chilkat-rtc-for-windows-store-and-phone-vs2013\chilkat\chilkat\chilkat.windows\x64\release\qualifiers.txt
c:\ckgithubprojects\chilkat-rtc-for-windows-store-and-phone-vs2013\chilkat\chilkat\chilkat.windows\x64\release\qualifiers.txt.intermediate
c:\ckgithubprojects\chilkat-rtc-for-windows-store-and-phone-vs2013\chilkat\chilkat\chilkat.windows\x64\release\multiplequalifiersperdimensionfound.txt
c:\ckgithubprojects\chilkat-rtc-for-windows-store-and-phone-vs2013\chilkat\chilkat\chilkat.windows\x64\release\pch.pch
c:\ckgithubprojects\chilkat-rtc-for-windows-store-and-phone-vs2013\chilkat\chilkat\chilkat.windows\x64\release\pch.obj
c:\ckgithubprojects\chilkat-rtc-for-windows-store-and-phone-vs2013\chilkat\chilkat\chilkat.windows\x64\release\vc120.pdb
c:\ckgithubprojects\chilkat-rtc-for-windows-store-and-phone-vs2013\chilkat\chilkat\chilkat.windows\x64\release\certchain.obj
c:\ckgithubprojects\chilkat-rtc-for-windows-store-and-phone-vs2013\chilkat\chilkat\chilkat.windows\x64\release\crypt2.obj
c:\ckgithubprojects\chilkat-rtc-for-windows-store-and-phone-vs2013\chilkat\chilkat\chilkat.windows\x64\release\jsonarray.obj
c:\ckgithubprojects\chilkat-rtc-for-windows-store-and-phone-vs2013\chilkat\chilkat\chilkat.windows\x64\release\mailboxes.obj
c:\ckgithubprojects\chilkat-rtc-for-windows-store-and-phone-vs2013\chilkat\chilkat\chilkat.windows\x64\release\mailman.obj
c:\ckgithubprojects\chilkat-rtc-for-windows-store-and-phone-vs2013\chilkat\chilkat\chilkat.windows\x64\release\certstore.obj
c:\ckgithubprojects\chilkat-rtc-for-windows-store-and-phone-vs2013\chilkat\chilkat\chilkat.windows\x64\release\charset.obj
c:\ckgithubprojects\chilkat-rtc-for-windows-store-and-phone-vs2013\chilkat\chilkat\chilkat.windows\x64\release\dtobj.obj
c:\ckgithubprojects\chilkat-rtc-for-windows-store-and-phone-vs2013\chilkat\chilkat\chilkat.windows\x64\release\fileaccess.obj
c:\ckgithubprojects\chilkat-rtc-for-windows-store-and-phone-vs2013\chilkat\chilkat\chilkat.windows\x64\release\http.obj
c:\ckgithubprojects\chilkat-rtc-for-windows-store-and-phone-vs2013\chilkat\chilkat\chilkat.windows\x64\release\stringarray.obj
c:\ckgithubprojects\chilkat-rtc-for-windows-store-and-phone-vs2013\chilkat\chilkat\chilkat.windows\x64\release\tar.obj
c:\ckgithubprojects\chilkat-rtc-for-windows-store-and-phone-vs2013\chilkat\chilkat\chilkat.windows\x64\release\unixcompress.obj
c:\ckgithubprojects\chilkat-rtc-for-windows-store-and-phone-vs2013\chilkat\chilkat\chilkat.windows\x64\release\bz2.obj
c:\ckgithubprojects\chilkat-rtc-for-windows-store-and-phone-vs2013\chilkat\chilkat\chilkat.windows\x64\release\global.obj
c:\ckgithubprojects\chilkat-rtc-for-windows-store-and-phone-vs2013\chilkat\chilkat\chilkat.windows\x64\release\htmltoxml.obj
c:\ckgithubprojects\chilkat-rtc-for-windows-store-and-phone-vs2013\chilkat\chilkat\chilkat.windows\x64\release\jsonobject.obj
c:\ckgithubprojects\chilkat-rtc-for-windows-store-and-phone-vs2013\chilkat\chilkat\chilkat.windows\x64\release\log.obj
c:\ckgithubprojects\chilkat-rtc-for-windows-store-and-phone-vs2013\chilkat\chilkat\chilkat.windows\x64\release\messageset.obj
c:\ckgithubprojects\chilkat-rtc-for-windows-store-and-phone-vs2013\chilkat\chilkat\chilkat.windows\x64\release\ntlm.obj
c:\ckgithubprojects\chilkat-rtc-for-windows-store-and-phone-vs2013\chilkat\chilkat\chilkat.windows\x64\release\pem.obj
c:\ckgithubprojects\chilkat-rtc-for-windows-store-and-phone-vs2013\chilkat\chilkat\chilkat.windows\x64\release\rsa.obj
c:\ckgithubprojects\chilkat-rtc-for-windows-store-and-phone-vs2013\chilkat\chilkat\chilkat.windows\x64\release\sftpdir.obj
c:\ckgithubprojects\chilkat-rtc-for-windows-store-and-phone-vs2013\chilkat\chilkat\chilkat.windows\x64\release\socket.obj
c:\ckgithubprojects\chilkat-rtc-for-windows-store-and-phone-vs2013\chilkat\chilkat\chilkat.windows\x64\release\url.obj
c:\ckgithubprojects\chilkat-rtc-for-windows-store-and-phone-vs2013\chilkat\chilkat\chilkat.windows\x64\release\xml.obj
c:\ckgithubprojects\chilkat-rtc-for-windows-store-and-phone-vs2013\chilkat\chilkat\chilkat.windows\x64\release\xmp.obj
c:\ckgithubprojects\chilkat-rtc-for-windows-store-and-phone-vs2013\chilkat\chilkat\chilkat.windows\x64\release\atom.obj
c:\ckgithubprojects\chilkat-rtc-for-windows-store-and-phone-vs2013\chilkat\chilkat\chilkat.windows\x64\release\dirtree.obj
c:\ckgithubprojects\chilkat-rtc-for-windows-store-and-phone-vs2013\chilkat\chilkat\chilkat.windows\x64\release\email.obj
c:\ckgithubprojects\chilkat-rtc-for-windows-store-and-phone-vs2013\chilkat\chilkat\chilkat.windows\x64\release\gzip.obj
c:\ckgithubprojects\chilkat-rtc-for-windows-store-and-phone-vs2013\chilkat\chilkat\chilkat.windows\x64\release\mime.obj
c:\ckgithubprojects\chilkat-rtc-for-windows-store-and-phone-vs2013\chilkat\chilkat\chilkat.windows\x64\release\pfx.obj
c:\ckgithubprojects\chilkat-rtc-for-windows-store-and-phone-vs2013\chilkat\chilkat\chilkat.windows\x64\release\prng.obj
c:\ckgithubprojects\chilkat-rtc-for-windows-store-and-phone-vs2013\chilkat\chilkat\chilkat.windows\x64\release\sftp.obj
c:\ckgithubprojects\chilkat-rtc-for-windows-store-and-phone-vs2013\chilkat\chilkat\chilkat.windows\x64\release\asn.obj
c:\ckgithubprojects\chilkat-rtc-for-windows-store-and-phone-vs2013\chilkat\chilkat\chilkat.windows\x64\release\chilkatptr.obj
c:\ckgithubprojects\chilkat-rtc-for-windows-store-and-phone-vs2013\chilkat\chilkat\chilkat.windows\x64\release\dkim.obj
c:\ckgithubprojects\chilkat-rtc-for-windows-store-and-phone-vs2013\chilkat\chilkat\chilkat.windows\x64\release\hashtable.obj
c:\ckgithubprojects\chilkat-rtc-for-windows-store-and-phone-vs2013\chilkat\chilkat\chilkat.windows\x64\release\httpresponse.obj
c:\ckgithubprojects\chilkat-rtc-for-windows-store-and-phone-vs2013\chilkat\chilkat\chilkat.windows\x64\release\javakeystore.obj
c:\ckgithubprojects\chilkat-rtc-for-windows-store-and-phone-vs2013\chilkat\chilkat\chilkat.windows\x64\release\mht.obj
c:\ckgithubprojects\chilkat-rtc-for-windows-store-and-phone-vs2013\chilkat\chilkat\chilkat.windows\x64\release\publickey.obj
c:\ckgithubprojects\chilkat-rtc-for-windows-store-and-phone-vs2013\chilkat\chilkat\chilkat.windows\x64\release\scp.obj
c:\ckgithubprojects\chilkat-rtc-for-windows-store-and-phone-vs2013\chilkat\chilkat\chilkat.windows\x64\release\ssh.obj
c:\ckgithubprojects\chilkat-rtc-for-windows-store-and-phone-vs2013\chilkat\chilkat\chilkat.windows\x64\release\xmlcertvault.obj
c:\ckgithubprojects\chilkat-rtc-for-windows-store-and-phone-vs2013\chilkat\chilkat\chilkat.windows\x64\release\zip.obj
c:\ckgithubprojects\chilkat-rtc-for-windows-store-and-phone-vs2013\chilkat\chilkat\chilkat.windows\x64\release\bounce.obj
c:\ckgithubprojects\chilkat-rtc-for-windows-store-and-phone-vs2013\chilkat\chilkat\chilkat.windows\x64\release\dh.obj
c:\ckgithubprojects\chilkat-rtc-for-windows-store-and-phone-vs2013\chilkat\chilkat\chilkat.windows\x64\release\ecc.obj
c:\ckgithubprojects\chilkat-rtc-for-windows-store-and-phone-vs2013\chilkat\chilkat\chilkat.windows\x64\release\ftp2.obj
c:\ckgithubprojects\chilkat-rtc-for-windows-store-and-phone-vs2013\chilkat\chilkat\chilkat.windows\x64\release\cert.obj
c:\ckgithubprojects\chilkat-rtc-for-windows-store-and-phone-vs2013\chilkat\chilkat\chilkat.windows\x64\release\compression.obj
c:\ckgithubprojects\chilkat-rtc-for-windows-store-and-phone-vs2013\chilkat\chilkat\chilkat.windows\x64\release\privatekey.obj
c:\ckgithubprojects\chilkat-rtc-for-windows-store-and-phone-vs2013\chilkat\chilkat\chilkat.windows\x64\release\rss.obj
c:\ckgithubprojects\chilkat-rtc-for-windows-store-and-phone-vs2013\chilkat\chilkat\chilkat.windows\x64\release\sftpfile.obj
c:\ckgithubprojects\chilkat-rtc-for-windows-store-and-phone-vs2013\chilkat\chilkat\chilkat.windows\x64\release\spider.obj
c:\ckgithubprojects\chilkat-rtc-for-windows-store-and-phone-vs2013\chilkat\chilkat\chilkat.windows\x64\release\sshkey.obj
c:\ckgithubprojects\chilkat-rtc-for-windows-store-and-phone-vs2013\chilkat\chilkat\chilkat.windows\x64\release\stream.obj
c:\ckgithubprojects\chilkat-rtc-for-windows-store-and-phone-vs2013\chilkat\chilkat\chilkat.windows\x64\release\trustedroots.obj
c:\ckgithubprojects\chilkat-rtc-for-windows-store-and-phone-vs2013\chilkat\chilkat\chilkat.windows\x64\release\upload.obj
c:\ckgithubprojects\chilkat-rtc-for-windows-store-and-phone-vs2013\chilkat\chilkat\chilkat.windows\x64\release\zipentry.obj
c:\ckgithubprojects\chilkat-rtc-for-windows-store-and-phone-vs2013\chilkat\chilkat\chilkat.windows\x64\release\cache.obj
c:\ckgithubprojects\chilkat-rtc-for-windows-store-and-phone-vs2013\chilkat\chilkat\chilkat.windows\x64\release\ckdatetime.obj
c:\ckgithubprojects\chilkat-rtc-for-windows-store-and-phone-vs2013\chilkat\chilkat\chilkat.windows\x64\release\csv.obj
c:\ckgithubprojects\chilkat-rtc-for-windows-store-and-phone-vs2013\chilkat\chilkat\chilkat.windows\x64\release\dsa.obj
c:\ckgithubprojects\chilkat-rtc-for-windows-store-and-phone-vs2013\chilkat\chilkat\chilkat.windows\x64\release\emailbundle.obj
c:\ckgithubprojects\chilkat-rtc-for-windows-store-and-phone-vs2013\chilkat\chilkat\chilkat.windows\x64\release\htmltotext.obj
c:\ckgithubprojects\chilkat-rtc-for-windows-store-and-phone-vs2013\chilkat\chilkat\chilkat.windows\x64\release\httprequest.obj
c:\ckgithubprojects\chilkat-rtc-for-windows-store-and-phone-vs2013\chilkat\chilkat\chilkat.windows\x64\release\imap.obj
c:\ckgithubprojects\chilkat-rtc-for-windows-store-and-phone-vs2013\cssample\x64\release\chilkat.windows\chilkat.windows.dll
c:\ckgithubprojects\chilkat-rtc-for-windows-store-and-phone-vs2013\cssample\x64\release\chilkat.windows\chilkat.windows.pdb
c:\ckgithubprojects\chilkat-rtc-for-windows-store-and-phone-vs2013\chilkat\chilkat\chilkat.windows\x64\release\chilkat.windows.tlog\chilkat.windows.read.1u.tlog
c:\ckgithubprojects\chilkat-rtc-for-windows-store-and-phone-vs2013\chilkat\chilkat\chilkat.windows\x64\release\chilkat.windows.tlog\chilkat.windows.write.1u.tlog
c:\ckgithubprojects\chilkat-rtc-for-windows-store-and-phone-vs2013\chilkat\chilkat\chilkat.windows\x64\release\chilkat.windows.tlog\cl.command.1.tlog
c:\ckgithubprojects\chilkat-rtc-for-windows-store-and-phone-vs2013\chilkat\chilkat\chilkat.windows\x64\release\chilkat.windows.tlog\cl.read.1.tlog
c:\ckgithubprojects\chilkat-rtc-for-windows-store-and-phone-vs2013\chilkat\chilkat\chilkat.windows\x64\release\chilkat.windows.tlog\cl.write.1.tlog
c:\ckgithubprojects\chilkat-rtc-for-windows-store-and-phone-vs2013\chilkat\chilkat\chilkat.windows\x64\release\chilkat.windows.tlog\link.command.1.tlog
c:\ckgithubprojects\chilkat-rtc-for-windows-store-and-phone-vs2013\chilkat\chilkat\chilkat.windows\x64\release\chilkat.windows.tlog\link.read.1.tlog
c:\ckgithubprojects\chilkat-rtc-for-windows-store-and-phone-vs2013\chilkat\chilkat\chilkat.windows\x64\release\chilkat.windows.tlog\link.write.1.tlog
